{'name': 'New', 'text': 'New', 'created_at': '2021-11-10T23:10', 'user_id': 1}--<QueryDict: {}>
{'name': 'New', 'text': 'New', 'created_at': '2021-11-10T23:10', 'user_id': 1}--<QueryDict: {}>
{}--<QueryDict: {}>
{}--<QueryDict: {}>
{'name': 'New', 'text': 'New', 'created_at': '2021-11-10T23:10', 'user_id': 1}--<QueryDict: {}>
{}--<QueryDict: {}>
WARNING 2021-12-09 23:10:34,956 views 2868 5956 {'name': 'New', 'text': 'New', 'created_at': '2021-11-10T23:10', 'user_id': 1}--<QueryDict: {}>
WARNING 2021-12-09 23:11:23,615 views 2868 15808 {}--<QueryDict: {}>
WARNING 2021-12-10 02:47:04,147 views 4596 4692 ===>{'name': 'New', 'text': 'New', 'created_at': '2021-11-10T23:10', 'user_id': 1}----><QueryDict: {}>
WARNING 2021-12-10 12:14:05,665 views 15884 14552 ===>{'name': 'New', 'text': 'New', 'created_at': '2021-11-10T23:10', 'user_id': 1}----><QueryDict: {}>
WARNING 2021-12-19 09:32:01,409 views 6968 9880 ===>{}----><QueryDict: {}>
WARNING 2021-12-19 09:34:20,277 views 6968 9880 ===>{}----><QueryDict: {}>
WARNING 2021-12-19 09:36:14,060 views 6968 9880 ===>{}----><QueryDict: {}>
WARNING 2021-12-19 10:12:51,788 views 6968 1040 ===>{'name': 'New', 'text': 'New', 'created_at': '2021-11-10T23:10', 'user_id': 1}----><QueryDict: {}>
WARNING 2021-12-19 10:14:46,684 views 6968 1040 ===>{'name': 'New', 'text': 'New', 'created_at': '2021-11-10T23:10', 'user_id': 1}----><QueryDict: {}>
WARNING 2021-12-19 10:17:01,379 views 11204 6244 ===>{}----><QueryDict: {}>
WARNING 2021-12-19 10:19:46,225 views 11204 2476 ===>{'name': 'New_1_1', 'text': 'New_1', 'created_at': '2021-11-10T23:12', 'user_id': 1}----><QueryDict: {}>
WARNING 2021-12-19 14:30:57,389 views 3216 12164 ===>{'name': 'New_3', 'text': 'New_2', 'created_at': '2021-11-10T23:44', 'user_id': 3}----><QueryDict: {}>
WARNING 2021-12-19 14:32:18,873 views 6968 12476 ===>{'name': 'New_3', 'text': 'New_2', 'created_at': '2021-11-10T23:44', 'user_id': 3}----><QueryDict: {}>
WARNING 2021-12-19 14:42:18,992 views 6968 9736 ===>{}----><QueryDict: {}>
WARNING 2021-12-21 00:45:34,181 views 15644 5052 ===>{}----><QueryDict: {}>
WARNING 2021-12-21 12:37:15,624 views 14980 7032 ===>{}----><QueryDict: {}>
